Connecting to database specified by database.yml
  [1m[36m (0.2ms)[0m  [1mselect sqlite_version(*)[0m
  [1m[35m (78.5ms)[0m  CREATE TABLE "schema_migrations" ("version" varchar(255) NOT NULL) 
  [1m[36m (30.6ms)[0m  [1mCREATE UNIQUE INDEX "unique_schema_migrations" ON "schema_migrations" ("version")[0m
  [1m[35m (7.3ms)[0m  SELECT "schema_migrations"."version" FROM "schema_migrations" 
Migrating to CreateMovies (20111119180638)
  [1m[36m (0.1ms)[0m  [1mbegin transaction[0m
  [1m[35m (0.9ms)[0m  CREATE TABLE "movies" ("id" INTEGER PRIMARY KEY AUTOINCREMENT NOT NULL, "title" varchar(255), "rating" varchar(255), "description" text, "release_date" datetime, "created_at" datetime NOT NULL, "updated_at" datetime NOT NULL) 
  [1m[36m (0.2ms)[0m  [1mINSERT INTO "schema_migrations" ("version") VALUES ('20111119180638')[0m
  [1m[35m (44.0ms)[0m  commit transaction
  [1m[36m (0.2ms)[0m  [1mSELECT "schema_migrations"."version" FROM "schema_migrations" [0m
Connecting to database specified by database.yml
  [1m[36m (10.2ms)[0m  [1mSELECT "schema_migrations"."version" FROM "schema_migrations" [0m
  [1m[35m (0.1ms)[0m  begin transaction
  [1m[36mSQL (28.5ms)[0m  [1mINSERT INTO "movies" ("created_at", "description", "rating", "release_date", "title", "updated_at") VALUES (?, ?, ?, ?, ?, ?)[0m  [["created_at", Fri, 13 Mar 2015 20:12:11 UTC +00:00], ["description", nil], ["rating", "G"], ["release_date", Wed, 25 Nov 1992 00:00:00 UTC +00:00], ["title", "Aladdin"], ["updated_at", Fri, 13 Mar 2015 20:12:11 UTC +00:00]]
  [1m[35m (61.5ms)[0m  commit transaction
  [1m[36m (0.1ms)[0m  [1mbegin transaction[0m
  [1m[35mSQL (1.3ms)[0m  INSERT INTO "movies" ("created_at", "description", "rating", "release_date", "title", "updated_at") VALUES (?, ?, ?, ?, ?, ?)  [["created_at", Fri, 13 Mar 2015 20:12:11 UTC +00:00], ["description", nil], ["rating", "R"], ["release_date", Fri, 26 Oct 1984 00:00:00 UTC +00:00], ["title", "The Terminator"], ["updated_at", Fri, 13 Mar 2015 20:12:11 UTC +00:00]]
  [1m[36m (27.5ms)[0m  [1mcommit transaction[0m
  [1m[35m (0.1ms)[0m  begin transaction
  [1m[36mSQL (0.6ms)[0m  [1mINSERT INTO "movies" ("created_at", "description", "rating", "release_date", "title", "updated_at") VALUES (?, ?, ?, ?, ?, ?)[0m  [["created_at", Fri, 13 Mar 2015 20:12:11 UTC +00:00], ["description", nil], ["rating", "R"], ["release_date", Fri, 21 Jul 1989 00:00:00 UTC +00:00], ["title", "When Harry Met Sally"], ["updated_at", Fri, 13 Mar 2015 20:12:11 UTC +00:00]]
  [1m[35m (27.8ms)[0m  commit transaction
  [1m[36m (0.1ms)[0m  [1mbegin transaction[0m
  [1m[35mSQL (0.5ms)[0m  INSERT INTO "movies" ("created_at", "description", "rating", "release_date", "title", "updated_at") VALUES (?, ?, ?, ?, ?, ?)  [["created_at", Fri, 13 Mar 2015 20:12:11 UTC +00:00], ["description", nil], ["rating", "PG-13"], ["release_date", Wed, 10 Aug 2011 00:00:00 UTC +00:00], ["title", "The Help"], ["updated_at", Fri, 13 Mar 2015 20:12:11 UTC +00:00]]
  [1m[36m (31.9ms)[0m  [1mcommit transaction[0m
  [1m[35m (0.1ms)[0m  begin transaction
  [1m[36mSQL (0.5ms)[0m  [1mINSERT INTO "movies" ("created_at", "description", "rating", "release_date", "title", "updated_at") VALUES (?, ?, ?, ?, ?, ?)[0m  [["created_at", Fri, 13 Mar 2015 20:12:11 UTC +00:00], ["description", nil], ["rating", "PG-13"], ["release_date", Fri, 05 Jan 2001 00:00:00 UTC +00:00], ["title", "Chocolat"], ["updated_at", Fri, 13 Mar 2015 20:12:11 UTC +00:00]]
  [1m[35m (26.1ms)[0m  commit transaction
  [1m[36m (0.1ms)[0m  [1mbegin transaction[0m
  [1m[35mSQL (0.5ms)[0m  INSERT INTO "movies" ("created_at", "description", "rating", "release_date", "title", "updated_at") VALUES (?, ?, ?, ?, ?, ?)  [["created_at", Fri, 13 Mar 2015 20:12:11 UTC +00:00], ["description", nil], ["rating", "R"], ["release_date", Wed, 25 Apr 2001 00:00:00 UTC +00:00], ["title", "Amelie"], ["updated_at", Fri, 13 Mar 2015 20:12:11 UTC +00:00]]
  [1m[36m (22.7ms)[0m  [1mcommit transaction[0m
  [1m[35m (0.1ms)[0m  begin transaction
  [1m[36mSQL (1.1ms)[0m  [1mINSERT INTO "movies" ("created_at", "description", "rating", "release_date", "title", "updated_at") VALUES (?, ?, ?, ?, ?, ?)[0m  [["created_at", Fri, 13 Mar 2015 20:12:11 UTC +00:00], ["description", nil], ["rating", "G"], ["release_date", Sat, 06 Apr 1968 00:00:00 UTC +00:00], ["title", "2001: A Space Odyssey"], ["updated_at", Fri, 13 Mar 2015 20:12:11 UTC +00:00]]
  [1m[35m (31.1ms)[0m  commit transaction
  [1m[36m (0.1ms)[0m  [1mbegin transaction[0m
  [1m[35mSQL (0.5ms)[0m  INSERT INTO "movies" ("created_at", "description", "rating", "release_date", "title", "updated_at") VALUES (?, ?, ?, ?, ?, ?)  [["created_at", Fri, 13 Mar 2015 20:12:11 UTC +00:00], ["description", nil], ["rating", "PG"], ["release_date", Fri, 05 Nov 2004 00:00:00 UTC +00:00], ["title", "The Incredibles"], ["updated_at", Fri, 13 Mar 2015 20:12:11 UTC +00:00]]
  [1m[36m (25.9ms)[0m  [1mcommit transaction[0m
  [1m[35m (0.1ms)[0m  begin transaction
  [1m[36mSQL (0.6ms)[0m  [1mINSERT INTO "movies" ("created_at", "description", "rating", "release_date", "title", "updated_at") VALUES (?, ?, ?, ?, ?, ?)[0m  [["created_at", Fri, 13 Mar 2015 20:12:11 UTC +00:00], ["description", nil], ["rating", "PG"], ["release_date", Fri, 12 Jun 1981 00:00:00 UTC +00:00], ["title", "Raiders of the Lost Ark"], ["updated_at", Fri, 13 Mar 2015 20:12:11 UTC +00:00]]
  [1m[35m (34.8ms)[0m  commit transaction
  [1m[36m (0.1ms)[0m  [1mbegin transaction[0m
  [1m[35mSQL (0.7ms)[0m  INSERT INTO "movies" ("created_at", "description", "rating", "release_date", "title", "updated_at") VALUES (?, ?, ?, ?, ?, ?)  [["created_at", Fri, 13 Mar 2015 20:12:11 UTC +00:00], ["description", nil], ["rating", "G"], ["release_date", Wed, 21 Jun 2000 00:00:00 UTC +00:00], ["title", "Chicken Run"], ["updated_at", Fri, 13 Mar 2015 20:12:11 UTC +00:00]]
  [1m[36m (29.2ms)[0m  [1mcommit transaction[0m


Started GET "/assets/rails.png" for 127.0.0.1 at 2015-03-13 17:30:34 -0300
Connecting to database specified by database.yml
Served asset /rails.png - 200 OK (15ms)


Started GET "/movies" for 127.0.0.1 at 2015-03-13 17:30:40 -0300
Processing by MoviesController#index as HTML
  [1m[36mMovie Load (0.6ms)[0m  [1mSELECT "movies".* FROM "movies" [0m
  Rendered movies/index.html.haml within layouts/application (37.7ms)
Compiled application.css  (0ms)  (pid 11497)
Compiled jquery.js  (64ms)  (pid 11497)
Compiled jquery_ujs.js  (1ms)  (pid 11497)
Compiled application.js  (200ms)  (pid 11497)
Completed 200 OK in 681.6ms (Views: 512.8ms | ActiveRecord: 10.4ms)


Started GET "/assets/application.css?body=1" for 127.0.0.1 at 2015-03-13 17:30:41 -0300
Served asset /application.css - 200 OK (5ms)


Started GET "/assets/jquery.js?body=1" for 127.0.0.1 at 2015-03-13 17:30:41 -0300
Served asset /jquery.js - 200 OK (14ms)


Started GET "/assets/application.js?body=1" for 127.0.0.1 at 2015-03-13 17:30:42 -0300
Served asset /application.js - 200 OK (158ms)


Started GET "/assets/jquery_ujs.js?body=1" for 127.0.0.1 at 2015-03-13 17:30:42 -0300
Served asset /jquery_ujs.js - 200 OK (12ms)


Started GET "/movies?sort=title" for 127.0.0.1 at 2015-03-13 17:30:49 -0300
Processing by MoviesController#index as HTML
  Parameters: {"sort"=>"title"}
  [1m[35mMovie Load (1.3ms)[0m  SELECT "movies".* FROM "movies" WHERE (rating IN ('G','PG','PG-13','NC-17','R')) ORDER BY title
Redirected to http://localhost:3000/movies?ratings%5B%5D=G&ratings%5B%5D=PG&ratings%5B%5D=PG-13&ratings%5B%5D=NC-17&ratings%5B%5D=R&sort=title
Completed 302 Found in 8.1ms (ActiveRecord: 1.3ms)


Started GET "/movies?ratings%5B%5D=G&ratings%5B%5D=PG&ratings%5B%5D=PG-13&ratings%5B%5D=NC-17&ratings%5B%5D=R&sort=title" for 127.0.0.1 at 2015-03-13 17:30:49 -0300
Processing by MoviesController#index as HTML
  Parameters: {"ratings"=>["G", "PG", "PG-13", "NC-17", "R"], "sort"=>"title"}
  [1m[36mMovie Load (0.7ms)[0m  [1mSELECT "movies".* FROM "movies" WHERE (rating IN ('G','PG','PG-13','NC-17','R')) ORDER BY title[0m
  Rendered movies/index.html.haml within layouts/application (20.7ms)
Completed 200 OK in 54.5ms (Views: 43.3ms | ActiveRecord: 0.7ms)


Started GET "/assets/application.css?body=1" for 127.0.0.1 at 2015-03-13 17:30:49 -0300
Served asset /application.css - 304 Not Modified (0ms)


Started GET "/assets/jquery.js?body=1" for 127.0.0.1 at 2015-03-13 17:30:49 -0300
Served asset /jquery.js - 304 Not Modified (13ms)


Started GET "/assets/jquery_ujs.js?body=1" for 127.0.0.1 at 2015-03-13 17:30:49 -0300
Served asset /jquery_ujs.js - 304 Not Modified (0ms)


Started GET "/assets/application.js?body=1" for 127.0.0.1 at 2015-03-13 17:30:49 -0300
Served asset /application.js - 304 Not Modified (4ms)


Started GET "/movies?utf8=%E2%9C%93&ratings%5BG%5D=1&commit=Refresh" for 127.0.0.1 at 2015-03-13 17:31:02 -0300
Processing by MoviesController#index as HTML
  Parameters: {"utf8"=>"✓", "ratings"=>{"G"=>"1"}, "commit"=>"Refresh"}
  [1m[35mMovie Load (10.6ms)[0m  SELECT "movies".* FROM "movies" WHERE (rating IN ('G')) ORDER BY title
Redirected to http://localhost:3000/movies?ratings%5BG%5D=1&sort=title
Completed 302 Found in 33.2ms (ActiveRecord: 10.6ms)


Started GET "/movies?ratings%5BG%5D=1&sort=title" for 127.0.0.1 at 2015-03-13 17:31:02 -0300
Processing by MoviesController#index as HTML
  Parameters: {"ratings"=>{"G"=>"1"}, "sort"=>"title"}
  [1m[36mMovie Load (4.5ms)[0m  [1mSELECT "movies".* FROM "movies" WHERE (rating IN ('G')) ORDER BY title[0m
  Rendered movies/index.html.haml within layouts/application (26.4ms)
Completed 200 OK in 59.4ms (Views: 48.4ms | ActiveRecord: 4.5ms)


Started GET "/assets/application.css?body=1" for 127.0.0.1 at 2015-03-13 17:31:03 -0300
Served asset /application.css - 304 Not Modified (6ms)


Started GET "/assets/jquery_ujs.js?body=1" for 127.0.0.1 at 2015-03-13 17:31:03 -0300
Served asset /jquery_ujs.js - 304 Not Modified (0ms)


Started GET "/assets/jquery.js?body=1" for 127.0.0.1 at 2015-03-13 17:31:03 -0300
Served asset /jquery.js - 304 Not Modified (15ms)


Started GET "/assets/application.js?body=1" for 127.0.0.1 at 2015-03-13 17:31:03 -0300
Served asset /application.js - 304 Not Modified (2ms)


Started GET "/movies" for 127.0.0.1 at 2015-03-13 18:21:48 -0300
Connecting to database specified by database.yml
Processing by MoviesController#index as HTML
  [1m[36mMovie Load (1.0ms)[0m  [1mSELECT "movies".* FROM "movies" WHERE (rating IN ('G')) ORDER BY title[0m
Redirected to http://localhost:3000/movies?ratings%5BG%5D=1&sort=title
Completed 302 Found in 211.4ms (ActiveRecord: 9.8ms)


Started GET "/movies?ratings%5BG%5D=1&sort=title" for 127.0.0.1 at 2015-03-13 18:21:50 -0300
Processing by MoviesController#index as HTML
  Parameters: {"ratings"=>{"G"=>"1"}, "sort"=>"title"}
  [1m[35mMovie Load (0.5ms)[0m  SELECT "movies".* FROM "movies" WHERE (rating IN ('G')) ORDER BY title
  Rendered movies/index.html.haml within layouts/application (29.3ms)
Completed 200 OK in 203.6ms (Views: 200.8ms | ActiveRecord: 0.5ms)


Started GET "/assets/application.css?body=1" for 127.0.0.1 at 2015-03-13 18:21:51 -0300
Served asset /application.css - 304 Not Modified (18ms)


Started GET "/assets/jquery.js?body=1" for 127.0.0.1 at 2015-03-13 18:21:51 -0300
Served asset /jquery.js - 304 Not Modified (186ms)


Started GET "/assets/application.js?body=1" for 127.0.0.1 at 2015-03-13 18:21:51 -0300
Served asset /application.js - 304 Not Modified (113ms)


Started GET "/assets/jquery_ujs.js?body=1" for 127.0.0.1 at 2015-03-13 18:21:51 -0300
Served asset /jquery_ujs.js - 304 Not Modified (13ms)


Started GET "/movies?utf8=%E2%9C%93&ratings%5BG%5D=1&ratings%5BPG%5D=1&ratings%5BPG-13%5D=1&ratings%5BNC-17%5D=1&ratings%5BR%5D=1&commit=Refresh" for 127.0.0.1 at 2015-03-13 18:22:00 -0300
Processing by MoviesController#index as HTML
  Parameters: {"utf8"=>"✓", "ratings"=>{"G"=>"1", "PG"=>"1", "PG-13"=>"1", "NC-17"=>"1", "R"=>"1"}, "commit"=>"Refresh"}
  [1m[36mMovie Load (0.8ms)[0m  [1mSELECT "movies".* FROM "movies" WHERE (rating IN ('G','PG','PG-13','NC-17','R')) ORDER BY title[0m
Redirected to http://localhost:3000/movies?ratings%5BG%5D=1&ratings%5BNC-17%5D=1&ratings%5BPG%5D=1&ratings%5BPG-13%5D=1&ratings%5BR%5D=1&sort=title
Completed 302 Found in 28.6ms (ActiveRecord: 0.8ms)


Started GET "/movies?ratings%5BG%5D=1&ratings%5BNC-17%5D=1&ratings%5BPG%5D=1&ratings%5BPG-13%5D=1&ratings%5BR%5D=1&sort=title" for 127.0.0.1 at 2015-03-13 18:22:01 -0300
Processing by MoviesController#index as HTML
  Parameters: {"ratings"=>{"G"=>"1", "NC-17"=>"1", "PG"=>"1", "PG-13"=>"1", "R"=>"1"}, "sort"=>"title"}
  [1m[35mMovie Load (0.7ms)[0m  SELECT "movies".* FROM "movies" WHERE (rating IN ('G','NC-17','PG','PG-13','R')) ORDER BY title
  Rendered movies/index.html.haml within layouts/application (12.5ms)
Completed 200 OK in 35.7ms (Views: 27.7ms | ActiveRecord: 0.7ms)


Started GET "/assets/application.css?body=1" for 127.0.0.1 at 2015-03-13 18:22:01 -0300
Served asset /application.css - 304 Not Modified (39ms)


Started GET "/assets/jquery_ujs.js?body=1" for 127.0.0.1 at 2015-03-13 18:22:01 -0300
Served asset /jquery_ujs.js - 304 Not Modified (12ms)


Started GET "/assets/jquery.js?body=1" for 127.0.0.1 at 2015-03-13 18:22:01 -0300
Served asset /jquery.js - 304 Not Modified (15ms)


Started GET "/assets/application.js?body=1" for 127.0.0.1 at 2015-03-13 18:22:01 -0300
Served asset /application.js - 304 Not Modified (10ms)


Started GET "/movies?sort=release_date" for 127.0.0.1 at 2015-03-13 18:22:29 -0300
Processing by MoviesController#index as HTML
  Parameters: {"sort"=>"release_date"}
  [1m[36mMovie Load (0.9ms)[0m  [1mSELECT "movies".* FROM "movies" WHERE (rating IN ('G','NC-17','PG','PG-13','R')) ORDER BY release_date[0m
Redirected to http://localhost:3000/movies?ratings%5BG%5D=1&ratings%5BNC-17%5D=1&ratings%5BPG%5D=1&ratings%5BPG-13%5D=1&ratings%5BR%5D=1&sort=release_date
Completed 302 Found in 14.3ms (ActiveRecord: 0.9ms)


Started GET "/movies?ratings%5BG%5D=1&ratings%5BNC-17%5D=1&ratings%5BPG%5D=1&ratings%5BPG-13%5D=1&ratings%5BR%5D=1&sort=release_date" for 127.0.0.1 at 2015-03-13 18:22:29 -0300
Processing by MoviesController#index as HTML
  Parameters: {"ratings"=>{"G"=>"1", "NC-17"=>"1", "PG"=>"1", "PG-13"=>"1", "R"=>"1"}, "sort"=>"release_date"}
  [1m[35mMovie Load (0.6ms)[0m  SELECT "movies".* FROM "movies" WHERE (rating IN ('G','NC-17','PG','PG-13','R')) ORDER BY release_date
  Rendered movies/index.html.haml within layouts/application (17.9ms)
Completed 200 OK in 57.9ms (Views: 54.0ms | ActiveRecord: 0.6ms)


Started GET "/assets/application.css?body=1" for 127.0.0.1 at 2015-03-13 18:22:30 -0300
Served asset /application.css - 304 Not Modified (31ms)


Started GET "/assets/application.js?body=1" for 127.0.0.1 at 2015-03-13 18:22:30 -0300
Served asset /application.js - 304 Not Modified (16ms)


Started GET "/assets/jquery_ujs.js?body=1" for 127.0.0.1 at 2015-03-13 18:22:30 -0300
Served asset /jquery_ujs.js - 304 Not Modified (10ms)


Started GET "/assets/jquery.js?body=1" for 127.0.0.1 at 2015-03-13 18:22:30 -0300
Served asset /jquery.js - 304 Not Modified (9ms)


Started GET "/movies?sort=title" for 127.0.0.1 at 2015-03-13 18:22:37 -0300
Processing by MoviesController#index as HTML
  Parameters: {"sort"=>"title"}
  [1m[36mMovie Load (0.9ms)[0m  [1mSELECT "movies".* FROM "movies" WHERE (rating IN ('G','NC-17','PG','PG-13','R')) ORDER BY title[0m
Redirected to http://localhost:3000/movies?ratings%5BG%5D=1&ratings%5BNC-17%5D=1&ratings%5BPG%5D=1&ratings%5BPG-13%5D=1&ratings%5BR%5D=1&sort=title
Completed 302 Found in 9.9ms (ActiveRecord: 0.9ms)


Started GET "/movies?ratings%5BG%5D=1&ratings%5BNC-17%5D=1&ratings%5BPG%5D=1&ratings%5BPG-13%5D=1&ratings%5BR%5D=1&sort=title" for 127.0.0.1 at 2015-03-13 18:22:37 -0300
Processing by MoviesController#index as HTML
  Parameters: {"ratings"=>{"G"=>"1", "NC-17"=>"1", "PG"=>"1", "PG-13"=>"1", "R"=>"1"}, "sort"=>"title"}
  [1m[35mMovie Load (0.8ms)[0m  SELECT "movies".* FROM "movies" WHERE (rating IN ('G','NC-17','PG','PG-13','R')) ORDER BY title
  Rendered movies/index.html.haml within layouts/application (30.4ms)
Completed 200 OK in 71.2ms (Views: 57.3ms | ActiveRecord: 0.8ms)


Started GET "/assets/application.css?body=1" for 127.0.0.1 at 2015-03-13 18:22:38 -0300
Served asset /application.css - 304 Not Modified (58ms)


Started GET "/assets/application.js?body=1" for 127.0.0.1 at 2015-03-13 18:22:38 -0300
Served asset /application.js - 304 Not Modified (15ms)


Started GET "/assets/jquery_ujs.js?body=1" for 127.0.0.1 at 2015-03-13 18:22:38 -0300
Served asset /jquery_ujs.js - 304 Not Modified (0ms)


Started GET "/assets/jquery.js?body=1" for 127.0.0.1 at 2015-03-13 18:22:38 -0300
Served asset /jquery.js - 304 Not Modified (16ms)


Started GET "/movies?sort=release_date" for 127.0.0.1 at 2015-03-13 18:23:18 -0300
Processing by MoviesController#index as HTML
  Parameters: {"sort"=>"release_date"}
  [1m[36mMovie Load (1.0ms)[0m  [1mSELECT "movies".* FROM "movies" WHERE (rating IN ('G','NC-17','PG','PG-13','R')) ORDER BY release_date[0m
Redirected to http://localhost:3000/movies?ratings%5BG%5D=1&ratings%5BNC-17%5D=1&ratings%5BPG%5D=1&ratings%5BPG-13%5D=1&ratings%5BR%5D=1&sort=release_date
Completed 302 Found in 12.6ms (ActiveRecord: 1.0ms)


Started GET "/movies?ratings%5BG%5D=1&ratings%5BNC-17%5D=1&ratings%5BPG%5D=1&ratings%5BPG-13%5D=1&ratings%5BR%5D=1&sort=release_date" for 127.0.0.1 at 2015-03-13 18:23:18 -0300
Processing by MoviesController#index as HTML
  Parameters: {"ratings"=>{"G"=>"1", "NC-17"=>"1", "PG"=>"1", "PG-13"=>"1", "R"=>"1"}, "sort"=>"release_date"}
  [1m[35mMovie Load (2.9ms)[0m  SELECT "movies".* FROM "movies" WHERE (rating IN ('G','NC-17','PG','PG-13','R')) ORDER BY release_date
  Rendered movies/index.html.haml within layouts/application (32.0ms)
Completed 200 OK in 75.1ms (Views: 65.0ms | ActiveRecord: 2.9ms)


Started GET "/assets/application.css?body=1" for 127.0.0.1 at 2015-03-13 18:23:18 -0300
Served asset /application.css - 304 Not Modified (38ms)


Started GET "/assets/application.js?body=1" for 127.0.0.1 at 2015-03-13 18:23:18 -0300
Served asset /application.js - 304 Not Modified (19ms)


Started GET "/assets/jquery_ujs.js?body=1" for 127.0.0.1 at 2015-03-13 18:23:19 -0300
Served asset /jquery_ujs.js - 304 Not Modified (6ms)


Started GET "/assets/jquery.js?body=1" for 127.0.0.1 at 2015-03-13 18:23:19 -0300
Served asset /jquery.js - 304 Not Modified (9ms)
